<?xml version="1.0" encoding="UTF-8"?>
<!-- Generated by org.testng.reporters.JUnitXMLReporter -->
<testsuite ignored="0" hostname="DESKTOP-2P7KUM1" failures="0" tests="7" name="Test" time="81.553" errors="0" timestamp="2024-09-12T16:34:14 IST">
  <testcase classname="testCases.TC001_AccountRegistrationTest" name="verifyAccountRegistration" time="5.878"/>
  <testcase classname="testCases.TC002_LoginTest" name="verify_Login" time="2.702"/>
  <testcase classname="testCases.TC003_LoginDDT" name="verify_LoginDDT" time="3.64"/>
  <testcase classname="testCases.TC003_LoginDDT" name="verify_LoginDDT" time="12.704"/>
  <testcase classname="testCases.TC003_LoginDDT" name="verify_LoginDDT" time="12.395"/>
  <testcase classname="testCases.TC003_LoginDDT" name="verify_LoginDDT" time="12.628"/>
  <testcase classname="testCases.TC003_LoginDDT" name="verify_LoginDDT" time="12.8"/>
</testsuite> <!-- Test -->
