<?xml version="1.0" encoding="UTF-8"?>
<!-- Generated by org.testng.reporters.JUnitXMLReporter -->
<testsuite ignored="0" hostname="DESKTOP-2P7KUM1" failures="1" tests="12" name="Test" time="75.702" errors="0" timestamp="2024-09-30T16:45:38 IST">
  <testcase classname="testCases.TC_001_AccountRegistrationTest" name="verifyAccountRegistration" time="1.334"/>
  <testcase classname="testCases.TC_002_LoginTest" name="verify_Login" time="1.095"/>
  <testcase classname="testCases.TC_003_LoginDDT" name="verify_LoginDDT" time="1.47"/>
  <testcase classname="testCases.TC_003_LoginDDT" name="verify_LoginDDT" time="10.764"/>
  <testcase classname="testCases.TC_003_LoginDDT" name="verify_LoginDDT" time="10.73"/>
  <testcase classname="testCases.TC_003_LoginDDT" name="verify_LoginDDT" time="10.621"/>
  <testcase classname="testCases.TC_003_LoginDDT" name="verify_LoginDDT" time="10.654"/>
  <testcase classname="testCases.TC_004_ProductSearchTest" name="VerifyProductSearch" time="10.12">
    <failure type="java.lang.AssertionError" message="null">
      <![CDATA[java.lang.AssertionError: null
at testCases.TC_004_ProductSearchTest.VerifyProductSearch(TC_004_ProductSearchTest.java:30)
at java.base/java.util.ArrayList.forEach(ArrayList.java:1596)
... Removed 31 stack frames]]>
    </failure>
  </testcase> <!-- VerifyProductSearch -->
  <testcase classname="testCases.TC_005_TabletMenuTest" name="VerifyTabletMenu" time="0.031"/>
  <testcase classname="testCases.TC_006_LogoTest" name="TC001_verifyLogoTest" time="0.028"/>
  <testcase classname="testCases.TC_007_CurrencyDropdownTest" name="TC002_validateCurrencyDropdown" time="0.029"/>
  <testcase classname="testCases.TC_008_CheckoutOptionTest" name="TC003_validateCheckOutOption" time="0.025"/>
</testsuite> <!-- Test -->
