<?xml version="1.0" encoding="UTF-8"?>
<!-- Generated by org.testng.reporters.JUnitXMLReporter -->
<testsuite ignored="0" hostname="DESKTOP-2P7KUM1" failures="0" tests="9" name="Test" time="83.231" errors="0" timestamp="2024-09-15T20:52:26 IST">
  <testcase classname="testCases.TC_001_AccountRegistrationTest" name="verifyAccountRegistration" time="5.26"/>
  <testcase classname="testCases.TC_002_LoginTest" name="verify_Login" time="1.97"/>
  <testcase classname="testCases.TC_003_LoginDDT" name="verify_LoginDDT" time="2.877"/>
  <testcase classname="testCases.TC_003_LoginDDT" name="verify_LoginDDT" time="11.754"/>
  <testcase classname="testCases.TC_003_LoginDDT" name="verify_LoginDDT" time="11.779"/>
  <testcase classname="testCases.TC_003_LoginDDT" name="verify_LoginDDT" time="11.593"/>
  <testcase classname="testCases.TC_003_LoginDDT" name="verify_LoginDDT" time="11.571"/>
  <testcase classname="testCases.TC_004_ProductSearchTest" name="VerifyProductSearch" time="1.14"/>
  <testcase classname="testCases.TC_005_TabletMenuTest" name="VerifyTabletMenu" time="0.078"/>
</testsuite> <!-- Test -->
