<?xml version="1.0" encoding="UTF-8"?>
<testng-results ignored="0" total="11" passed="10" failed="1" skipped="0">
  <reporter-output>
  </reporter-output>
  <suite started-at="2024-09-29T16:49:58 IST" name="Suite" finished-at="2024-09-29T16:51:36 IST" duration-ms="97837">
    <groups>
    </groups>
    <test started-at="2024-09-29T16:49:58 IST" name="Test" finished-at="2024-09-29T16:51:36 IST" duration-ms="97837">
      <class name="testCases.TC_007_CheckoutOptionTest">
        <test-method is-config="true" signature="setup(java.lang.String,java.lang.String)[pri:0, instance:testCases.TC_007_CheckoutOptionTest@3b7d3a38]" started-at="2024-09-29T16:51:32 IST" name="setup" finished-at="2024-09-29T16:51:36 IST" duration-ms="3398" status="PASS">
          <params>
            <param index="0">
              <value>
                <![CDATA[windows]]>
              </value>
            </param>
            <param index="1">
              <value>
                <![CDATA[chrome]]>
              </value>
            </param>
          </params>
          <reporter-output>
          </reporter-output>
        </test-method> <!-- setup -->
        <test-method signature="validateCheckOutOption()[pri:0, instance:testCases.TC_007_CheckoutOptionTest@3b7d3a38]" started-at="2024-09-29T16:51:36 IST" name="validateCheckOutOption" finished-at="2024-09-29T16:51:36 IST" duration-ms="104" status="PASS">
          <reporter-output>
          </reporter-output>
        </test-method> <!-- validateCheckOutOption -->
        <test-method is-config="true" signature="tearDown()[pri:0, instance:testCases.TC_007_CheckoutOptionTest@3b7d3a38]" started-at="2024-09-29T16:51:36 IST" name="tearDown" finished-at="2024-09-29T16:51:36 IST" duration-ms="313" status="PASS">
          <reporter-output>
          </reporter-output>
        </test-method> <!-- tearDown -->
      </class> <!-- testCases.TC_007_CheckoutOptionTest -->
      <class name="testCases.TC_006_LogoTest">
        <test-method is-config="true" signature="setup(java.lang.String,java.lang.String)[pri:0, instance:testCases.TC_006_LogoTest@1046d517]" started-at="2024-09-29T16:51:28 IST" name="setup" finished-at="2024-09-29T16:51:32 IST" duration-ms="3655" status="PASS">
          <params>
            <param index="0">
              <value>
                <![CDATA[windows]]>
              </value>
            </param>
            <param index="1">
              <value>
                <![CDATA[chrome]]>
              </value>
            </param>
          </params>
          <reporter-output>
          </reporter-output>
        </test-method> <!-- setup -->
        <test-method signature="verifyLogoTest()[pri:0, instance:testCases.TC_006_LogoTest@1046d517]" started-at="2024-09-29T16:51:32 IST" name="verifyLogoTest" finished-at="2024-09-29T16:51:32 IST" duration-ms="43" status="PASS">
          <reporter-output>
          </reporter-output>
        </test-method> <!-- verifyLogoTest -->
        <test-method is-config="true" signature="tearDown()[pri:0, instance:testCases.TC_006_LogoTest@1046d517]" started-at="2024-09-29T16:51:32 IST" name="tearDown" finished-at="2024-09-29T16:51:32 IST" duration-ms="256" status="PASS">
          <reporter-output>
          </reporter-output>
        </test-method> <!-- tearDown -->
      </class> <!-- testCases.TC_006_LogoTest -->
      <class name="testCases.TC_001_AccountRegistrationTest">
        <test-method is-config="true" signature="setup(java.lang.String,java.lang.String)[pri:0, instance:testCases.TC_001_AccountRegistrationTest@146dfe6]" started-at="2024-09-29T16:49:59 IST" name="setup" finished-at="2024-09-29T16:50:05 IST" duration-ms="6104" status="PASS">
          <params>
            <param index="0">
              <value>
                <![CDATA[windows]]>
              </value>
            </param>
            <param index="1">
              <value>
                <![CDATA[chrome]]>
              </value>
            </param>
          </params>
          <reporter-output>
          </reporter-output>
        </test-method> <!-- setup -->
        <test-method signature="verifyAccountRegistration()[pri:0, instance:testCases.TC_001_AccountRegistrationTest@146dfe6]" started-at="2024-09-29T16:50:05 IST" name="verifyAccountRegistration" finished-at="2024-09-29T16:50:08 IST" duration-ms="2926" status="PASS">
          <reporter-output>
          </reporter-output>
        </test-method> <!-- verifyAccountRegistration -->
        <test-method is-config="true" signature="tearDown()[pri:0, instance:testCases.TC_001_AccountRegistrationTest@146dfe6]" started-at="2024-09-29T16:50:08 IST" name="tearDown" finished-at="2024-09-29T16:50:08 IST" duration-ms="276" status="PASS">
          <reporter-output>
          </reporter-output>
        </test-method> <!-- tearDown -->
      </class> <!-- testCases.TC_001_AccountRegistrationTest -->
      <class name="testCases.TC_002_LoginTest">
        <test-method is-config="true" signature="setup(java.lang.String,java.lang.String)[pri:0, instance:testCases.TC_002_LoginTest@6cce16f4]" started-at="2024-09-29T16:50:08 IST" name="setup" finished-at="2024-09-29T16:50:12 IST" duration-ms="3575" status="PASS">
          <params>
            <param index="0">
              <value>
                <![CDATA[windows]]>
              </value>
            </param>
            <param index="1">
              <value>
                <![CDATA[chrome]]>
              </value>
            </param>
          </params>
          <reporter-output>
          </reporter-output>
        </test-method> <!-- setup -->
        <test-method signature="verify_Login()[pri:0, instance:testCases.TC_002_LoginTest@6cce16f4]" started-at="2024-09-29T16:50:12 IST" name="verify_Login" finished-at="2024-09-29T16:50:14 IST" duration-ms="2194" status="PASS">
          <reporter-output>
          </reporter-output>
        </test-method> <!-- verify_Login -->
        <test-method is-config="true" signature="tearDown()[pri:0, instance:testCases.TC_002_LoginTest@6cce16f4]" started-at="2024-09-29T16:50:14 IST" name="tearDown" finished-at="2024-09-29T16:50:14 IST" duration-ms="301" status="PASS">
          <reporter-output>
          </reporter-output>
        </test-method> <!-- tearDown -->
      </class> <!-- testCases.TC_002_LoginTest -->
      <class name="testCases.TC_004_ProductSearchTest">
        <test-method is-config="true" signature="setup(java.lang.String,java.lang.String)[pri:0, instance:testCases.TC_004_ProductSearchTest@291a7e3c]" started-at="2024-09-29T16:51:10 IST" name="setup" finished-at="2024-09-29T16:51:14 IST" duration-ms="4099" status="PASS">
          <params>
            <param index="0">
              <value>
                <![CDATA[windows]]>
              </value>
            </param>
            <param index="1">
              <value>
                <![CDATA[chrome]]>
              </value>
            </param>
          </params>
          <reporter-output>
          </reporter-output>
        </test-method> <!-- setup -->
        <test-method signature="VerifyProductSearch()[pri:0, instance:testCases.TC_004_ProductSearchTest@291a7e3c]" started-at="2024-09-29T16:51:14 IST" name="VerifyProductSearch" finished-at="2024-09-29T16:51:24 IST" duration-ms="10212" status="FAIL">
          <exception class="java.lang.AssertionError">
            <message>
              <![CDATA[null]]>
            </message>
            <full-stacktrace>
              <![CDATA[java.lang.AssertionError: null
at org.testng.Assert.fail(Assert.java:111)
at org.testng.Assert.fail(Assert.java:116)
at testCases.TC_004_ProductSearchTest.VerifyProductSearch(TC_004_ProductSearchTest.java:30)
at java.base/jdk.internal.reflect.DirectMethodHandleAccessor.invoke(DirectMethodHandleAccessor.java:103)
at java.base/java.lang.reflect.Method.invoke(Method.java:580)
at org.testng.internal.invokers.MethodInvocationHelper.invokeMethod(MethodInvocationHelper.java:141)
at org.testng.internal.invokers.TestInvoker.invokeMethod(TestInvoker.java:686)
at org.testng.internal.invokers.TestInvoker.invokeTestMethod(TestInvoker.java:230)
at org.testng.internal.invokers.MethodRunner.runInSequence(MethodRunner.java:63)
at org.testng.internal.invokers.TestInvoker$MethodInvocationAgent.invoke(TestInvoker.java:992)
at org.testng.internal.invokers.TestInvoker.invokeTestMethods(TestInvoker.java:203)
at org.testng.internal.invokers.TestMethodWorker.invokeTestMethods(TestMethodWorker.java:154)
at org.testng.internal.invokers.TestMethodWorker.run(TestMethodWorker.java:134)
at java.base/java.util.ArrayList.forEach(ArrayList.java:1596)
at org.testng.TestRunner.privateRun(TestRunner.java:739)
at org.testng.TestRunner.run(TestRunner.java:614)
at org.testng.SuiteRunner.runTest(SuiteRunner.java:421)
at org.testng.SuiteRunner.runSequentially(SuiteRunner.java:413)
at org.testng.SuiteRunner.privateRun(SuiteRunner.java:373)
at org.testng.SuiteRunner.run(SuiteRunner.java:312)
at org.testng.SuiteRunnerWorker.runSuite(SuiteRunnerWorker.java:52)
at org.testng.SuiteRunnerWorker.run(SuiteRunnerWorker.java:95)
at org.testng.TestNG.runSuitesSequentially(TestNG.java:1274)
at org.testng.TestNG.runSuitesLocally(TestNG.java:1208)
at org.testng.TestNG.runSuites(TestNG.java:1112)
at org.testng.TestNG.run(TestNG.java:1079)
at org.apache.maven.surefire.testng.TestNGExecutor.run(TestNGExecutor.java:308)
at org.apache.maven.surefire.testng.TestNGXmlTestSuite.execute(TestNGXmlTestSuite.java:71)
at org.apache.maven.surefire.testng.TestNGProvider.invoke(TestNGProvider.java:113)
at org.apache.maven.surefire.booter.ForkedBooter.runSuitesInProcess(ForkedBooter.java:385)
at org.apache.maven.surefire.booter.ForkedBooter.execute(ForkedBooter.java:162)
at org.apache.maven.surefire.booter.ForkedBooter.run(ForkedBooter.java:507)
at org.apache.maven.surefire.booter.ForkedBooter.main(ForkedBooter.java:495)
]]>
            </full-stacktrace>
          </exception> <!-- java.lang.AssertionError -->
          <reporter-output>
          </reporter-output>
        </test-method> <!-- VerifyProductSearch -->
        <test-method is-config="true" signature="tearDown()[pri:0, instance:testCases.TC_004_ProductSearchTest@291a7e3c]" started-at="2024-09-29T16:51:24 IST" name="tearDown" finished-at="2024-09-29T16:51:25 IST" duration-ms="271" status="PASS">
          <reporter-output>
          </reporter-output>
        </test-method> <!-- tearDown -->
      </class> <!-- testCases.TC_004_ProductSearchTest -->
      <class name="testCases.TC_005_TabletMenuTest">
        <test-method is-config="true" signature="setup(java.lang.String,java.lang.String)[pri:0, instance:testCases.TC_005_TabletMenuTest@ca30bc1]" started-at="2024-09-29T16:51:25 IST" name="setup" finished-at="2024-09-29T16:51:28 IST" duration-ms="3347" status="PASS">
          <params>
            <param index="0">
              <value>
                <![CDATA[windows]]>
              </value>
            </param>
            <param index="1">
              <value>
                <![CDATA[chrome]]>
              </value>
            </param>
          </params>
          <reporter-output>
          </reporter-output>
        </test-method> <!-- setup -->
        <test-method signature="VerifyTabletMenu()[pri:0, instance:testCases.TC_005_TabletMenuTest@ca30bc1]" started-at="2024-09-29T16:51:28 IST" name="VerifyTabletMenu" finished-at="2024-09-29T16:51:28 IST" duration-ms="67" status="PASS">
          <reporter-output>
          </reporter-output>
        </test-method> <!-- VerifyTabletMenu -->
        <test-method is-config="true" signature="tearDown()[pri:0, instance:testCases.TC_005_TabletMenuTest@ca30bc1]" started-at="2024-09-29T16:51:28 IST" name="tearDown" finished-at="2024-09-29T16:51:28 IST" duration-ms="265" status="PASS">
          <reporter-output>
          </reporter-output>
        </test-method> <!-- tearDown -->
      </class> <!-- testCases.TC_005_TabletMenuTest -->
      <class name="testCases.TC_003_LoginDDT">
        <test-method is-config="true" signature="setup(java.lang.String,java.lang.String)[pri:0, instance:testCases.TC_003_LoginDDT@7efaad5a]" started-at="2024-09-29T16:50:14 IST" name="setup" finished-at="2024-09-29T16:50:18 IST" duration-ms="3391" status="PASS">
          <params>
            <param index="0">
              <value>
                <![CDATA[windows]]>
              </value>
            </param>
            <param index="1">
              <value>
                <![CDATA[chrome]]>
              </value>
            </param>
          </params>
          <reporter-output>
          </reporter-output>
        </test-method> <!-- setup -->
        <test-method signature="verify_LoginDDT(java.lang.String,java.lang.String,java.lang.String)[pri:0, instance:testCases.TC_003_LoginDDT@7efaad5a]" started-at="2024-09-29T16:50:20 IST" name="verify_LoginDDT" data-provider="LoginData" finished-at="2024-09-29T16:50:24 IST" duration-ms="3798" status="PASS">
          <params>
            <param index="0">
              <value>
                <![CDATA[bhagwat22garibe@gmail.com]]>
              </value>
            </param>
            <param index="1">
              <value>
                <![CDATA[Bhag@123]]>
              </value>
            </param>
            <param index="2">
              <value>
                <![CDATA[Valid]]>
              </value>
            </param>
          </params>
          <reporter-output>
          </reporter-output>
        </test-method> <!-- verify_LoginDDT -->
        <test-method signature="verify_LoginDDT(java.lang.String,java.lang.String,java.lang.String)[pri:0, instance:testCases.TC_003_LoginDDT@7efaad5a]" started-at="2024-09-29T16:50:24 IST" name="verify_LoginDDT" data-provider="LoginData" finished-at="2024-09-29T16:50:35 IST" duration-ms="11645" status="PASS">
          <params>
            <param index="0">
              <value>
                <![CDATA[varsha.123@gamil.com]]>
              </value>
            </param>
            <param index="1">
              <value>
                <![CDATA[varsha]]>
              </value>
            </param>
            <param index="2">
              <value>
                <![CDATA[Invalid]]>
              </value>
            </param>
          </params>
          <reporter-output>
          </reporter-output>
        </test-method> <!-- verify_LoginDDT -->
        <test-method signature="verify_LoginDDT(java.lang.String,java.lang.String,java.lang.String)[pri:0, instance:testCases.TC_003_LoginDDT@7efaad5a]" started-at="2024-09-29T16:50:35 IST" name="verify_LoginDDT" data-provider="LoginData" finished-at="2024-09-29T16:50:47 IST" duration-ms="11318" status="PASS">
          <params>
            <param index="0">
              <value>
                <![CDATA[laksh@outlook.com]]>
              </value>
            </param>
            <param index="1">
              <value>
                <![CDATA[Laksha]]>
              </value>
            </param>
            <param index="2">
              <value>
                <![CDATA[Invalid]]>
              </value>
            </param>
          </params>
          <reporter-output>
          </reporter-output>
        </test-method> <!-- verify_LoginDDT -->
        <test-method signature="verify_LoginDDT(java.lang.String,java.lang.String,java.lang.String)[pri:0, instance:testCases.TC_003_LoginDDT@7efaad5a]" started-at="2024-09-29T16:50:47 IST" name="verify_LoginDDT" data-provider="LoginData" finished-at="2024-09-29T16:50:58 IST" duration-ms="11603" status="PASS">
          <params>
            <param index="0">
              <value>
                <![CDATA[pashya@gmail.com]]>
              </value>
            </param>
            <param index="1">
              <value>
                <![CDATA[pashya]]>
              </value>
            </param>
            <param index="2">
              <value>
                <![CDATA[Invalid]]>
              </value>
            </param>
          </params>
          <reporter-output>
          </reporter-output>
        </test-method> <!-- verify_LoginDDT -->
        <test-method signature="verify_LoginDDT(java.lang.String,java.lang.String,java.lang.String)[pri:0, instance:testCases.TC_003_LoginDDT@7efaad5a]" started-at="2024-09-29T16:50:58 IST" name="verify_LoginDDT" data-provider="LoginData" finished-at="2024-09-29T16:51:09 IST" duration-ms="11147" status="PASS">
          <params>
            <param index="0">
              <value>
                <![CDATA[onkar@yahoo.com]]>
              </value>
            </param>
            <param index="1">
              <value>
                <![CDATA[ok@123]]>
              </value>
            </param>
            <param index="2">
              <value>
                <![CDATA[Invalid]]>
              </value>
            </param>
          </params>
          <reporter-output>
          </reporter-output>
        </test-method> <!-- verify_LoginDDT -->
        <test-method is-config="true" signature="tearDown()[pri:0, instance:testCases.TC_003_LoginDDT@7efaad5a]" started-at="2024-09-29T16:51:09 IST" name="tearDown" finished-at="2024-09-29T16:51:10 IST" duration-ms="409" status="PASS">
          <reporter-output>
          </reporter-output>
        </test-method> <!-- tearDown -->
      </class> <!-- testCases.TC_003_LoginDDT -->
    </test> <!-- Test -->
  </suite> <!-- Suite -->
</testng-results>
