<?xml version="1.0" encoding="UTF-8"?>
<testng-results ignored="0" total="12" passed="11" failed="1" skipped="0">
  <reporter-output>
  </reporter-output>
  <suite started-at="2024-09-30T16:44:21 IST" name="Suite" finished-at="2024-09-30T16:45:37 IST" duration-ms="76330">
    <groups>
      <group name="Sanity">
        <method signature="TC_001_AccountRegistrationTest.verifyAccountRegistration()[pri:0, instance:testCases.TC_001_AccountRegistrationTest@7b420819]" name="verifyAccountRegistration" class="testCases.TC_001_AccountRegistrationTest"/>
        <method signature="TC_002_LoginTest.verify_Login()[pri:0, instance:testCases.TC_002_LoginTest@3b96c42e]" name="verify_Login" class="testCases.TC_002_LoginTest"/>
      </group> <!-- Sanity -->
      <group name="Regression">
        <method signature="TC_001_AccountRegistrationTest.verifyAccountRegistration()[pri:0, instance:testCases.TC_001_AccountRegistrationTest@7b420819]" name="verifyAccountRegistration" class="testCases.TC_001_AccountRegistrationTest"/>
        <method signature="TC_002_LoginTest.verify_Login()[pri:0, instance:testCases.TC_002_LoginTest@3b96c42e]" name="verify_Login" class="testCases.TC_002_LoginTest"/>
        <method signature="TC_003_LoginDDT.verify_LoginDDT(java.lang.String,java.lang.String,java.lang.String)[pri:0, instance:testCases.TC_003_LoginDDT@5d066c7d]" name="verify_LoginDDT" class="testCases.TC_003_LoginDDT"/>
        <method signature="TC_004_ProductSearchTest.VerifyProductSearch()[pri:0, instance:testCases.TC_004_ProductSearchTest@1e461e41]" name="VerifyProductSearch" class="testCases.TC_004_ProductSearchTest"/>
        <method signature="TC_005_TabletMenuTest.VerifyTabletMenu()[pri:0, instance:testCases.TC_005_TabletMenuTest@5ba88be8]" name="VerifyTabletMenu" class="testCases.TC_005_TabletMenuTest"/>
        <method signature="TC_006_LogoTest.TC001_verifyLogoTest()[pri:0, instance:testCases.TC_006_LogoTest@56928307]" name="TC001_verifyLogoTest" class="testCases.TC_006_LogoTest"/>
        <method signature="TC_007_CurrencyDropdownTest.TC002_validateCurrencyDropdown()[pri:0, instance:testCases.TC_007_CurrencyDropdownTest@3899782c]" name="TC002_validateCurrencyDropdown" class="testCases.TC_007_CurrencyDropdownTest"/>
        <method signature="TC_008_CheckoutOptionTest.TC003_validateCheckOutOption()[pri:0, instance:testCases.TC_008_CheckoutOptionTest@1603cd68]" name="TC003_validateCheckOutOption" class="testCases.TC_008_CheckoutOptionTest"/>
      </group> <!-- Regression -->
    </groups>
    <test started-at="2024-09-30T16:44:21 IST" name="Regression Test" finished-at="2024-09-30T16:44:21 IST" duration-ms="157">
    </test> <!-- Regression Test -->
    <test started-at="2024-09-30T16:44:22 IST" name="Test" finished-at="2024-09-30T16:45:37 IST" duration-ms="75702">
      <class name="testCases.TC_006_LogoTest">
        <test-method is-config="true" signature="setup(java.lang.String,java.lang.String)[pri:0, instance:testCases.TC_006_LogoTest@56928307]" started-at="2024-09-30T16:45:31 IST" name="setup" finished-at="2024-09-30T16:45:33 IST" duration-ms="1775" status="PASS">
          <params>
            <param index="0">
              <value>
                <![CDATA[windows]]>
              </value>
            </param>
            <param index="1">
              <value>
                <![CDATA[chrome]]>
              </value>
            </param>
          </params>
          <reporter-output>
          </reporter-output>
        </test-method> <!-- setup -->
        <test-method signature="TC001_verifyLogoTest()[pri:0, instance:testCases.TC_006_LogoTest@56928307]" started-at="2024-09-30T16:45:33 IST" name="TC001_verifyLogoTest" finished-at="2024-09-30T16:45:33 IST" duration-ms="28" status="PASS">
          <reporter-output>
          </reporter-output>
        </test-method> <!-- TC001_verifyLogoTest -->
        <test-method is-config="true" signature="tearDown()[pri:0, instance:testCases.TC_006_LogoTest@56928307]" started-at="2024-09-30T16:45:33 IST" name="tearDown" finished-at="2024-09-30T16:45:33 IST" duration-ms="194" status="PASS">
          <reporter-output>
          </reporter-output>
        </test-method> <!-- tearDown -->
      </class> <!-- testCases.TC_006_LogoTest -->
      <class name="testCases.TC_001_AccountRegistrationTest">
        <test-method is-config="true" signature="setup(java.lang.String,java.lang.String)[pri:0, instance:testCases.TC_001_AccountRegistrationTest@7b420819]" started-at="2024-09-30T16:44:22 IST" name="setup" finished-at="2024-09-30T16:44:24 IST" duration-ms="2690" status="PASS">
          <params>
            <param index="0">
              <value>
                <![CDATA[windows]]>
              </value>
            </param>
            <param index="1">
              <value>
                <![CDATA[chrome]]>
              </value>
            </param>
          </params>
          <reporter-output>
          </reporter-output>
        </test-method> <!-- setup -->
        <test-method signature="verifyAccountRegistration()[pri:0, instance:testCases.TC_001_AccountRegistrationTest@7b420819]" started-at="2024-09-30T16:44:24 IST" name="verifyAccountRegistration" finished-at="2024-09-30T16:44:26 IST" duration-ms="1334" status="PASS">
          <reporter-output>
          </reporter-output>
        </test-method> <!-- verifyAccountRegistration -->
        <test-method is-config="true" signature="tearDown()[pri:0, instance:testCases.TC_001_AccountRegistrationTest@7b420819]" started-at="2024-09-30T16:44:26 IST" name="tearDown" finished-at="2024-09-30T16:44:26 IST" duration-ms="240" status="PASS">
          <reporter-output>
          </reporter-output>
        </test-method> <!-- tearDown -->
      </class> <!-- testCases.TC_001_AccountRegistrationTest -->
      <class name="testCases.TC_007_CurrencyDropdownTest">
        <test-method is-config="true" signature="setup(java.lang.String,java.lang.String)[pri:0, instance:testCases.TC_007_CurrencyDropdownTest@3899782c]" started-at="2024-09-30T16:45:33 IST" name="setup" finished-at="2024-09-30T16:45:35 IST" duration-ms="1871" status="PASS">
          <params>
            <param index="0">
              <value>
                <![CDATA[windows]]>
              </value>
            </param>
            <param index="1">
              <value>
                <![CDATA[chrome]]>
              </value>
            </param>
          </params>
          <reporter-output>
          </reporter-output>
        </test-method> <!-- setup -->
        <test-method signature="TC002_validateCurrencyDropdown()[pri:0, instance:testCases.TC_007_CurrencyDropdownTest@3899782c]" started-at="2024-09-30T16:45:35 IST" name="TC002_validateCurrencyDropdown" finished-at="2024-09-30T16:45:35 IST" duration-ms="29" status="PASS">
          <reporter-output>
          </reporter-output>
        </test-method> <!-- TC002_validateCurrencyDropdown -->
        <test-method is-config="true" signature="tearDown()[pri:0, instance:testCases.TC_007_CurrencyDropdownTest@3899782c]" started-at="2024-09-30T16:45:35 IST" name="tearDown" finished-at="2024-09-30T16:45:35 IST" duration-ms="199" status="PASS">
          <reporter-output>
          </reporter-output>
        </test-method> <!-- tearDown -->
      </class> <!-- testCases.TC_007_CurrencyDropdownTest -->
      <class name="testCases.TC_002_LoginTest">
        <test-method is-config="true" signature="setup(java.lang.String,java.lang.String)[pri:0, instance:testCases.TC_002_LoginTest@3b96c42e]" started-at="2024-09-30T16:44:26 IST" name="setup" finished-at="2024-09-30T16:44:28 IST" duration-ms="1996" status="PASS">
          <params>
            <param index="0">
              <value>
                <![CDATA[windows]]>
              </value>
            </param>
            <param index="1">
              <value>
                <![CDATA[chrome]]>
              </value>
            </param>
          </params>
          <reporter-output>
          </reporter-output>
        </test-method> <!-- setup -->
        <test-method signature="verify_Login()[pri:0, instance:testCases.TC_002_LoginTest@3b96c42e]" started-at="2024-09-30T16:44:28 IST" name="verify_Login" finished-at="2024-09-30T16:44:29 IST" duration-ms="1095" status="PASS">
          <reporter-output>
          </reporter-output>
        </test-method> <!-- verify_Login -->
        <test-method is-config="true" signature="tearDown()[pri:0, instance:testCases.TC_002_LoginTest@3b96c42e]" started-at="2024-09-30T16:44:29 IST" name="tearDown" finished-at="2024-09-30T16:44:29 IST" duration-ms="215" status="PASS">
          <reporter-output>
          </reporter-output>
        </test-method> <!-- tearDown -->
      </class> <!-- testCases.TC_002_LoginTest -->
      <class name="testCases.TC_004_ProductSearchTest">
        <test-method is-config="true" signature="setup(java.lang.String,java.lang.String)[pri:0, instance:testCases.TC_004_ProductSearchTest@1e461e41]" started-at="2024-09-30T16:45:17 IST" name="setup" finished-at="2024-09-30T16:45:19 IST" duration-ms="1811" status="PASS">
          <params>
            <param index="0">
              <value>
                <![CDATA[windows]]>
              </value>
            </param>
            <param index="1">
              <value>
                <![CDATA[chrome]]>
              </value>
            </param>
          </params>
          <reporter-output>
          </reporter-output>
        </test-method> <!-- setup -->
        <test-method signature="VerifyProductSearch()[pri:0, instance:testCases.TC_004_ProductSearchTest@1e461e41]" started-at="2024-09-30T16:45:19 IST" name="VerifyProductSearch" finished-at="2024-09-30T16:45:29 IST" duration-ms="10120" status="FAIL">
          <exception class="java.lang.AssertionError">
            <message>
              <![CDATA[null]]>
            </message>
            <full-stacktrace>
              <![CDATA[java.lang.AssertionError: null
at org.testng.Assert.fail(Assert.java:111)
at org.testng.Assert.fail(Assert.java:116)
at testCases.TC_004_ProductSearchTest.VerifyProductSearch(TC_004_ProductSearchTest.java:30)
at java.base/jdk.internal.reflect.DirectMethodHandleAccessor.invoke(DirectMethodHandleAccessor.java:103)
at java.base/java.lang.reflect.Method.invoke(Method.java:580)
at org.testng.internal.invokers.MethodInvocationHelper.invokeMethod(MethodInvocationHelper.java:141)
at org.testng.internal.invokers.TestInvoker.invokeMethod(TestInvoker.java:686)
at org.testng.internal.invokers.TestInvoker.invokeTestMethod(TestInvoker.java:230)
at org.testng.internal.invokers.MethodRunner.runInSequence(MethodRunner.java:63)
at org.testng.internal.invokers.TestInvoker$MethodInvocationAgent.invoke(TestInvoker.java:992)
at org.testng.internal.invokers.TestInvoker.invokeTestMethods(TestInvoker.java:203)
at org.testng.internal.invokers.TestMethodWorker.invokeTestMethods(TestMethodWorker.java:154)
at org.testng.internal.invokers.TestMethodWorker.run(TestMethodWorker.java:134)
at java.base/java.util.ArrayList.forEach(ArrayList.java:1596)
at org.testng.TestRunner.privateRun(TestRunner.java:739)
at org.testng.TestRunner.run(TestRunner.java:614)
at org.testng.SuiteRunner.runTest(SuiteRunner.java:421)
at org.testng.SuiteRunner.runSequentially(SuiteRunner.java:413)
at org.testng.SuiteRunner.privateRun(SuiteRunner.java:373)
at org.testng.SuiteRunner.run(SuiteRunner.java:312)
at org.testng.SuiteRunnerWorker.runSuite(SuiteRunnerWorker.java:52)
at org.testng.SuiteRunnerWorker.run(SuiteRunnerWorker.java:95)
at org.testng.TestNG.runSuitesSequentially(TestNG.java:1274)
at org.testng.TestNG.runSuitesLocally(TestNG.java:1208)
at org.testng.TestNG.runSuites(TestNG.java:1112)
at org.testng.TestNG.run(TestNG.java:1079)
at org.apache.maven.surefire.testng.TestNGExecutor.run(TestNGExecutor.java:308)
at org.apache.maven.surefire.testng.TestNGXmlTestSuite.execute(TestNGXmlTestSuite.java:71)
at org.apache.maven.surefire.testng.TestNGProvider.invoke(TestNGProvider.java:113)
at org.apache.maven.surefire.booter.ForkedBooter.runSuitesInProcess(ForkedBooter.java:385)
at org.apache.maven.surefire.booter.ForkedBooter.execute(ForkedBooter.java:162)
at org.apache.maven.surefire.booter.ForkedBooter.run(ForkedBooter.java:507)
at org.apache.maven.surefire.booter.ForkedBooter.main(ForkedBooter.java:495)
]]>
            </full-stacktrace>
          </exception> <!-- java.lang.AssertionError -->
          <reporter-output>
          </reporter-output>
        </test-method> <!-- VerifyProductSearch -->
        <test-method is-config="true" signature="tearDown()[pri:0, instance:testCases.TC_004_ProductSearchTest@1e461e41]" started-at="2024-09-30T16:45:29 IST" name="tearDown" finished-at="2024-09-30T16:45:29 IST" duration-ms="225" status="PASS">
          <reporter-output>
          </reporter-output>
        </test-method> <!-- tearDown -->
      </class> <!-- testCases.TC_004_ProductSearchTest -->
      <class name="testCases.TC_005_TabletMenuTest">
        <test-method is-config="true" signature="setup(java.lang.String,java.lang.String)[pri:0, instance:testCases.TC_005_TabletMenuTest@5ba88be8]" started-at="2024-09-30T16:45:29 IST" name="setup" finished-at="2024-09-30T16:45:31 IST" duration-ms="1886" status="PASS">
          <params>
            <param index="0">
              <value>
                <![CDATA[windows]]>
              </value>
            </param>
            <param index="1">
              <value>
                <![CDATA[chrome]]>
              </value>
            </param>
          </params>
          <reporter-output>
          </reporter-output>
        </test-method> <!-- setup -->
        <test-method signature="VerifyTabletMenu()[pri:0, instance:testCases.TC_005_TabletMenuTest@5ba88be8]" started-at="2024-09-30T16:45:31 IST" name="VerifyTabletMenu" finished-at="2024-09-30T16:45:31 IST" duration-ms="31" status="PASS">
          <reporter-output>
          </reporter-output>
        </test-method> <!-- VerifyTabletMenu -->
        <test-method is-config="true" signature="tearDown()[pri:0, instance:testCases.TC_005_TabletMenuTest@5ba88be8]" started-at="2024-09-30T16:45:31 IST" name="tearDown" finished-at="2024-09-30T16:45:31 IST" duration-ms="187" status="PASS">
          <reporter-output>
          </reporter-output>
        </test-method> <!-- tearDown -->
      </class> <!-- testCases.TC_005_TabletMenuTest -->
      <class name="testCases.TC_008_CheckoutOptionTest">
        <test-method is-config="true" signature="setup(java.lang.String,java.lang.String)[pri:0, instance:testCases.TC_008_CheckoutOptionTest@1603cd68]" started-at="2024-09-30T16:45:35 IST" name="setup" finished-at="2024-09-30T16:45:37 IST" duration-ms="1748" status="PASS">
          <params>
            <param index="0">
              <value>
                <![CDATA[windows]]>
              </value>
            </param>
            <param index="1">
              <value>
                <![CDATA[chrome]]>
              </value>
            </param>
          </params>
          <reporter-output>
          </reporter-output>
        </test-method> <!-- setup -->
        <test-method signature="TC003_validateCheckOutOption()[pri:0, instance:testCases.TC_008_CheckoutOptionTest@1603cd68]" started-at="2024-09-30T16:45:37 IST" name="TC003_validateCheckOutOption" finished-at="2024-09-30T16:45:37 IST" duration-ms="25" status="PASS">
          <reporter-output>
          </reporter-output>
        </test-method> <!-- TC003_validateCheckOutOption -->
        <test-method is-config="true" signature="tearDown()[pri:0, instance:testCases.TC_008_CheckoutOptionTest@1603cd68]" started-at="2024-09-30T16:45:37 IST" name="tearDown" finished-at="2024-09-30T16:45:37 IST" duration-ms="191" status="PASS">
          <reporter-output>
          </reporter-output>
        </test-method> <!-- tearDown -->
      </class> <!-- testCases.TC_008_CheckoutOptionTest -->
      <class name="testCases.TC_003_LoginDDT">
        <test-method is-config="true" signature="setup(java.lang.String,java.lang.String)[pri:0, instance:testCases.TC_003_LoginDDT@5d066c7d]" started-at="2024-09-30T16:44:29 IST" name="setup" finished-at="2024-09-30T16:44:31 IST" duration-ms="1908" status="PASS">
          <params>
            <param index="0">
              <value>
                <![CDATA[windows]]>
              </value>
            </param>
            <param index="1">
              <value>
                <![CDATA[chrome]]>
              </value>
            </param>
          </params>
          <reporter-output>
          </reporter-output>
        </test-method> <!-- setup -->
        <test-method signature="verify_LoginDDT(java.lang.String,java.lang.String,java.lang.String)[pri:0, instance:testCases.TC_003_LoginDDT@5d066c7d]" started-at="2024-09-30T16:44:32 IST" name="verify_LoginDDT" data-provider="LoginData" finished-at="2024-09-30T16:44:34 IST" duration-ms="1470" status="PASS">
          <params>
            <param index="0">
              <value>
                <![CDATA[bhagwat22garibe@gmail.com]]>
              </value>
            </param>
            <param index="1">
              <value>
                <![CDATA[Bhag@123]]>
              </value>
            </param>
            <param index="2">
              <value>
                <![CDATA[Valid]]>
              </value>
            </param>
          </params>
          <reporter-output>
          </reporter-output>
        </test-method> <!-- verify_LoginDDT -->
        <test-method signature="verify_LoginDDT(java.lang.String,java.lang.String,java.lang.String)[pri:0, instance:testCases.TC_003_LoginDDT@5d066c7d]" started-at="2024-09-30T16:44:34 IST" name="verify_LoginDDT" data-provider="LoginData" finished-at="2024-09-30T16:44:45 IST" duration-ms="10764" status="PASS">
          <params>
            <param index="0">
              <value>
                <![CDATA[varsha.123@gamil.com]]>
              </value>
            </param>
            <param index="1">
              <value>
                <![CDATA[varsha]]>
              </value>
            </param>
            <param index="2">
              <value>
                <![CDATA[Invalid]]>
              </value>
            </param>
          </params>
          <reporter-output>
          </reporter-output>
        </test-method> <!-- verify_LoginDDT -->
        <test-method signature="verify_LoginDDT(java.lang.String,java.lang.String,java.lang.String)[pri:0, instance:testCases.TC_003_LoginDDT@5d066c7d]" started-at="2024-09-30T16:44:45 IST" name="verify_LoginDDT" data-provider="LoginData" finished-at="2024-09-30T16:44:55 IST" duration-ms="10730" status="PASS">
          <params>
            <param index="0">
              <value>
                <![CDATA[laksh@outlook.com]]>
              </value>
            </param>
            <param index="1">
              <value>
                <![CDATA[Laksha]]>
              </value>
            </param>
            <param index="2">
              <value>
                <![CDATA[Invalid]]>
              </value>
            </param>
          </params>
          <reporter-output>
          </reporter-output>
        </test-method> <!-- verify_LoginDDT -->
        <test-method signature="verify_LoginDDT(java.lang.String,java.lang.String,java.lang.String)[pri:0, instance:testCases.TC_003_LoginDDT@5d066c7d]" started-at="2024-09-30T16:44:55 IST" name="verify_LoginDDT" data-provider="LoginData" finished-at="2024-09-30T16:45:06 IST" duration-ms="10621" status="PASS">
          <params>
            <param index="0">
              <value>
                <![CDATA[pashya@gmail.com]]>
              </value>
            </param>
            <param index="1">
              <value>
                <![CDATA[pashya]]>
              </value>
            </param>
            <param index="2">
              <value>
                <![CDATA[Invalid]]>
              </value>
            </param>
          </params>
          <reporter-output>
          </reporter-output>
        </test-method> <!-- verify_LoginDDT -->
        <test-method signature="verify_LoginDDT(java.lang.String,java.lang.String,java.lang.String)[pri:0, instance:testCases.TC_003_LoginDDT@5d066c7d]" started-at="2024-09-30T16:45:06 IST" name="verify_LoginDDT" data-provider="LoginData" finished-at="2024-09-30T16:45:17 IST" duration-ms="10654" status="PASS">
          <params>
            <param index="0">
              <value>
                <![CDATA[onkar@yahoo.com]]>
              </value>
            </param>
            <param index="1">
              <value>
                <![CDATA[ok@123]]>
              </value>
            </param>
            <param index="2">
              <value>
                <![CDATA[Invalid]]>
              </value>
            </param>
          </params>
          <reporter-output>
          </reporter-output>
        </test-method> <!-- verify_LoginDDT -->
        <test-method is-config="true" signature="tearDown()[pri:0, instance:testCases.TC_003_LoginDDT@5d066c7d]" started-at="2024-09-30T16:45:17 IST" name="tearDown" finished-at="2024-09-30T16:45:17 IST" duration-ms="213" status="PASS">
          <reporter-output>
          </reporter-output>
        </test-method> <!-- tearDown -->
      </class> <!-- testCases.TC_003_LoginDDT -->
    </test> <!-- Test -->
  </suite> <!-- Suite -->
</testng-results>
