<?xml version="1.0" encoding="UTF-8"?>
<testng-results ignored="0" total="7" passed="7" failed="0" skipped="0">
  <reporter-output>
  </reporter-output>
  <suite started-at="2024-09-12T16:32:52 IST" name="Suite" finished-at="2024-09-12T16:34:13 IST" duration-ms="81553">
    <groups>
    </groups>
    <test started-at="2024-09-12T16:32:52 IST" name="Test" finished-at="2024-09-12T16:34:13 IST" duration-ms="81553">
      <class name="testCases.TC002_LoginTest">
        <test-method is-config="true" signature="setup(java.lang.String,java.lang.String)[pri:0, instance:testCases.TC002_LoginTest@1fde5d22]" started-at="2024-09-12T16:33:04 IST" name="setup" finished-at="2024-09-12T16:33:09 IST" duration-ms="5585" status="PASS">
          <params>
            <param index="0">
              <value>
                <![CDATA[windows]]>
              </value>
            </param>
            <param index="1">
              <value>
                <![CDATA[chrome]]>
              </value>
            </param>
          </params>
          <reporter-output>
          </reporter-output>
        </test-method> <!-- setup -->
        <test-method signature="verify_Login()[pri:0, instance:testCases.TC002_LoginTest@1fde5d22]" started-at="2024-09-12T16:33:09 IST" name="verify_Login" finished-at="2024-09-12T16:33:12 IST" duration-ms="2702" status="PASS">
          <reporter-output>
          </reporter-output>
        </test-method> <!-- verify_Login -->
        <test-method is-config="true" signature="tearDown()[pri:0, instance:testCases.TC002_LoginTest@1fde5d22]" started-at="2024-09-12T16:33:12 IST" name="tearDown" finished-at="2024-09-12T16:33:13 IST" duration-ms="499" status="PASS">
          <reporter-output>
          </reporter-output>
        </test-method> <!-- tearDown -->
      </class> <!-- testCases.TC002_LoginTest -->
      <class name="testCases.TC003_LoginDDT">
        <test-method is-config="true" signature="setup(java.lang.String,java.lang.String)[pri:0, instance:testCases.TC003_LoginDDT@5dcb4f5f]" started-at="2024-09-12T16:33:13 IST" name="setup" finished-at="2024-09-12T16:33:17 IST" duration-ms="4173" status="PASS">
          <params>
            <param index="0">
              <value>
                <![CDATA[windows]]>
              </value>
            </param>
            <param index="1">
              <value>
                <![CDATA[chrome]]>
              </value>
            </param>
          </params>
          <reporter-output>
          </reporter-output>
        </test-method> <!-- setup -->
        <test-method signature="verify_LoginDDT(java.lang.String,java.lang.String,java.lang.String)[pri:0, instance:testCases.TC003_LoginDDT@5dcb4f5f]" started-at="2024-09-12T16:33:19 IST" name="verify_LoginDDT" data-provider="LoginData" finished-at="2024-09-12T16:33:22 IST" duration-ms="3640" status="PASS">
          <params>
            <param index="0">
              <value>
                <![CDATA[bhagwat22garibe@gmail.com]]>
              </value>
            </param>
            <param index="1">
              <value>
                <![CDATA[Bhag@123]]>
              </value>
            </param>
            <param index="2">
              <value>
                <![CDATA[Valid]]>
              </value>
            </param>
          </params>
          <reporter-output>
          </reporter-output>
        </test-method> <!-- verify_LoginDDT -->
        <test-method signature="verify_LoginDDT(java.lang.String,java.lang.String,java.lang.String)[pri:0, instance:testCases.TC003_LoginDDT@5dcb4f5f]" started-at="2024-09-12T16:33:22 IST" name="verify_LoginDDT" data-provider="LoginData" finished-at="2024-09-12T16:33:35 IST" duration-ms="12704" status="PASS">
          <params>
            <param index="0">
              <value>
                <![CDATA[varsha.123@gamil.com]]>
              </value>
            </param>
            <param index="1">
              <value>
                <![CDATA[varsha]]>
              </value>
            </param>
            <param index="2">
              <value>
                <![CDATA[Invalid]]>
              </value>
            </param>
          </params>
          <reporter-output>
          </reporter-output>
        </test-method> <!-- verify_LoginDDT -->
        <test-method signature="verify_LoginDDT(java.lang.String,java.lang.String,java.lang.String)[pri:0, instance:testCases.TC003_LoginDDT@5dcb4f5f]" started-at="2024-09-12T16:33:35 IST" name="verify_LoginDDT" data-provider="LoginData" finished-at="2024-09-12T16:33:47 IST" duration-ms="12395" status="PASS">
          <params>
            <param index="0">
              <value>
                <![CDATA[laksh@outlook.com]]>
              </value>
            </param>
            <param index="1">
              <value>
                <![CDATA[Laksha]]>
              </value>
            </param>
            <param index="2">
              <value>
                <![CDATA[Invalid]]>
              </value>
            </param>
          </params>
          <reporter-output>
          </reporter-output>
        </test-method> <!-- verify_LoginDDT -->
        <test-method signature="verify_LoginDDT(java.lang.String,java.lang.String,java.lang.String)[pri:0, instance:testCases.TC003_LoginDDT@5dcb4f5f]" started-at="2024-09-12T16:33:47 IST" name="verify_LoginDDT" data-provider="LoginData" finished-at="2024-09-12T16:34:00 IST" duration-ms="12628" status="PASS">
          <params>
            <param index="0">
              <value>
                <![CDATA[pashya@gmail.com]]>
              </value>
            </param>
            <param index="1">
              <value>
                <![CDATA[pashya]]>
              </value>
            </param>
            <param index="2">
              <value>
                <![CDATA[Invalid]]>
              </value>
            </param>
          </params>
          <reporter-output>
          </reporter-output>
        </test-method> <!-- verify_LoginDDT -->
        <test-method signature="verify_LoginDDT(java.lang.String,java.lang.String,java.lang.String)[pri:0, instance:testCases.TC003_LoginDDT@5dcb4f5f]" started-at="2024-09-12T16:34:00 IST" name="verify_LoginDDT" data-provider="LoginData" finished-at="2024-09-12T16:34:13 IST" duration-ms="12800" status="PASS">
          <params>
            <param index="0">
              <value>
                <![CDATA[onkar@yahoo.com]]>
              </value>
            </param>
            <param index="1">
              <value>
                <![CDATA[ok@123]]>
              </value>
            </param>
            <param index="2">
              <value>
                <![CDATA[Invalid]]>
              </value>
            </param>
          </params>
          <reporter-output>
          </reporter-output>
        </test-method> <!-- verify_LoginDDT -->
        <test-method is-config="true" signature="tearDown()[pri:0, instance:testCases.TC003_LoginDDT@5dcb4f5f]" started-at="2024-09-12T16:34:13 IST" name="tearDown" finished-at="2024-09-12T16:34:13 IST" duration-ms="518" status="PASS">
          <reporter-output>
          </reporter-output>
        </test-method> <!-- tearDown -->
      </class> <!-- testCases.TC003_LoginDDT -->
      <class name="testCases.TC001_AccountRegistrationTest">
        <test-method is-config="true" signature="setup(java.lang.String,java.lang.String)[pri:0, instance:testCases.TC001_AccountRegistrationTest@535779e4]" started-at="2024-09-12T16:32:52 IST" name="setup" finished-at="2024-09-12T16:32:57 IST" duration-ms="5307" status="PASS">
          <params>
            <param index="0">
              <value>
                <![CDATA[windows]]>
              </value>
            </param>
            <param index="1">
              <value>
                <![CDATA[chrome]]>
              </value>
            </param>
          </params>
          <reporter-output>
          </reporter-output>
        </test-method> <!-- setup -->
        <test-method signature="verifyAccountRegistration()[pri:0, instance:testCases.TC001_AccountRegistrationTest@535779e4]" started-at="2024-09-12T16:32:57 IST" name="verifyAccountRegistration" finished-at="2024-09-12T16:33:03 IST" duration-ms="5878" status="PASS">
          <reporter-output>
          </reporter-output>
        </test-method> <!-- verifyAccountRegistration -->
        <test-method is-config="true" signature="tearDown()[pri:0, instance:testCases.TC001_AccountRegistrationTest@535779e4]" started-at="2024-09-12T16:33:03 IST" name="tearDown" finished-at="2024-09-12T16:33:04 IST" duration-ms="544" status="PASS">
          <reporter-output>
          </reporter-output>
        </test-method> <!-- tearDown -->
      </class> <!-- testCases.TC001_AccountRegistrationTest -->
    </test> <!-- Test -->
  </suite> <!-- Suite -->
</testng-results>
